time=2024-07-16T02:26:00.229+05:00 level=INFO msg="GetStory rpc method started"
time=2024-07-16T02:26:00.247+05:00 level=INFO msg="GetStory rpc method finished"
time=2024-07-16T02:29:44.090+05:00 level=INFO msg="CreateStories rpc method started"
time=2024-07-16T02:29:44.111+05:00 level=INFO msg="CreateStories rpc method finished"
time=2024-07-16T09:13:24.747+05:00 level=INFO msg="GetAllStories rpc method started"
time=2024-07-16T09:13:24.768+05:00 level=INFO msg="GetAllStories rpc method finished"
time=2024-07-16T09:13:33.652+05:00 level=INFO msg="GetAllStories rpc method started"
time=2024-07-16T09:13:33.653+05:00 level=INFO msg="GetAllStories rpc method finished"
time=2024-07-16T09:13:53.492+05:00 level=INFO msg="GetAllStories rpc method started"
time=2024-07-16T09:13:53.493+05:00 level=INFO msg="GetAllStories rpc method finished"
time=2024-07-16T09:14:56.722+05:00 level=INFO msg="GetStory rpc method started"
time=2024-07-16T09:14:56.740+05:00 level=INFO msg="GetStory rpc method finished"
time=2024-07-16T09:16:11.641+05:00 level=INFO msg="UpdateStories rpc method started"
time=2024-07-16T09:16:11.650+05:00 level=INFO msg="UpdateStories rpc method finished"
time=2024-07-16T09:16:39.906+05:00 level=INFO msg="UpdateStories rpc method started"
time=2024-07-16T09:16:39.909+05:00 level=INFO msg="UpdateStories rpc method finished"
time=2024-07-16T09:17:16.156+05:00 level=INFO msg="DeleteStories rpc method started"
time=2024-07-16T09:17:16.172+05:00 level=INFO msg="DeleteStories rpc method finished"
time=2024-07-16T09:17:47.716+05:00 level=INFO msg="GetAllStories rpc method started"
time=2024-07-16T09:17:47.730+05:00 level=INFO msg="GetAllStories rpc method finished"
time=2024-07-16T09:18:03.139+05:00 level=INFO msg="GetStory rpc method started"
time=2024-07-16T09:18:03.140+05:00 level=ERROR msg="sql: no rows in result set"
time=2024-07-16T09:19:16.423+05:00 level=INFO msg="CommentStory rpc method started"
time=2024-07-16T09:19:16.443+05:00 level=INFO msg="CommentStory rpc method finished"
time=2024-07-16T09:20:38.233+05:00 level=INFO msg="GetCommentsOfStory rpc method started"
time=2024-07-16T09:20:38.251+05:00 level=INFO msg="GetCommentsOfStory rpc method finished"
time=2024-07-16T09:21:48.700+05:00 level=INFO msg="Like rpc method started"
time=2024-07-16T09:21:48.707+05:00 level=INFO msg="Like rpc method finished"
time=2024-07-16T09:21:55.343+05:00 level=INFO msg="Like rpc method started"
time=2024-07-16T09:21:55.344+05:00 level=ERROR msg="sql: no rows in result set"
time=2024-07-16T09:21:59.489+05:00 level=INFO msg="Like rpc method started"
time=2024-07-16T09:21:59.490+05:00 level=ERROR msg="sql: no rows in result set"
time=2024-07-16T09:22:38.425+05:00 level=INFO msg="Like rpc method started"
time=2024-07-16T09:22:38.438+05:00 level=INFO msg="Like rpc method finished"
time=2024-07-16T09:22:44.301+05:00 level=INFO msg="Like rpc method started"
time=2024-07-16T09:22:44.302+05:00 level=ERROR msg="sql: no rows in result set"
time=2024-07-16T09:27:06.779+05:00 level=INFO msg="Like rpc method started"
time=2024-07-16T09:27:06.784+05:00 level=INFO msg="Like rpc method finished"
time=2024-07-16T09:30:47.297+05:00 level=INFO msg="GetAllStories rpc method started"
time=2024-07-16T09:30:47.302+05:00 level=INFO msg="GetAllStories rpc method finished"
time=2024-07-16T09:30:53.749+05:00 level=INFO msg="GetAllStories rpc method started"
time=2024-07-16T09:30:53.750+05:00 level=INFO msg="GetAllStories rpc method finished"
time=2024-07-16T09:31:02.779+05:00 level=INFO msg="GetAllStories rpc method started"
time=2024-07-16T09:31:02.781+05:00 level=INFO msg="GetAllStories rpc method finished"
time=2024-07-16T09:32:49.553+05:00 level=INFO msg="GetAllStories rpc method started"
time=2024-07-16T09:32:49.556+05:00 level=INFO msg="GetAllStories rpc method finished"
time=2024-07-16T09:33:28.040+05:00 level=INFO msg="GetItineraries rpc method started"
time=2024-07-16T09:33:28.056+05:00 level=INFO msg="GetItineraries rpc method finished"
time=2024-07-16T09:35:28.754+05:00 level=INFO msg="Itineraries rpc method started"
time=2024-07-16T09:35:28.771+05:00 level=INFO msg="Itineraries rpc method finished"
time=2024-07-16T09:36:17.139+05:00 level=INFO msg="Itineraries rpc method started"
time=2024-07-16T09:36:17.153+05:00 level=INFO msg="Itineraries rpc method finished"
time=2024-07-16T09:36:53.858+05:00 level=INFO msg="GetItineraries rpc method started"
time=2024-07-16T09:36:53.872+05:00 level=INFO msg="GetItineraries rpc method finished"
time=2024-07-16T09:37:49.125+05:00 level=INFO msg="GetItinerariesById rpc method started"
time=2024-07-16T09:40:38.703+05:00 level=INFO msg="GetItineraries rpc method started"
time=2024-07-16T09:40:38.709+05:00 level=INFO msg="GetItineraries rpc method finished"
time=2024-07-16T09:40:57.461+05:00 level=INFO msg="GetItinerariesById rpc method started"
time=2024-07-16T09:45:46.705+05:00 level=INFO msg="GetItinerariesById rpc method started"
time=2024-07-16T09:52:08.534+05:00 level=INFO msg="GetItinerariesById rpc method started"
time=2024-07-16T09:52:51.376+05:00 level=INFO msg="GetItinerariesById rpc method started"
time=2024-07-16T11:40:57.984+05:00 level=INFO msg="GetItinerariesById rpc method started"
time=2024-07-16T11:42:31.941+05:00 level=INFO msg="GetItinerariesById rpc method started"
time=2024-07-16T11:44:17.657+05:00 level=INFO msg="GetItinerariesById rpc method started"
time=2024-07-16T11:49:28.398+05:00 level=INFO msg="GetItinerariesById rpc method started"
time=2024-07-16T11:50:21.856+05:00 level=INFO msg="GetItinerariesById rpc method started"
time=2024-07-16T11:50:21.856+05:00 level=INFO msg=working
time=2024-07-16T11:54:12.300+05:00 level=INFO msg="GetItinerariesById rpc method started"
time=2024-07-16T11:54:12.300+05:00 level=INFO msg=working
time=2024-07-16T12:04:02.514+05:00 level=INFO msg="GetItinerariesById rpc method started"
time=2024-07-16T12:04:02.515+05:00 level=INFO msg=1
time=2024-07-16T12:04:49.637+05:00 level=INFO msg="GetItinerariesById rpc method started"
time=2024-07-16T12:04:49.637+05:00 level=INFO msg=1
time=2024-07-16T12:05:40.895+05:00 level=INFO msg="GetItinerariesById rpc method started"
time=2024-07-16T12:05:40.895+05:00 level=INFO msg=1
time=2024-07-16T12:05:40.895+05:00 level=INFO msg=2
time=2024-07-16T12:06:06.085+05:00 level=INFO msg="GetItinerariesById rpc method started"
time=2024-07-16T12:06:06.085+05:00 level=INFO msg=1
time=2024-07-16T12:06:06.086+05:00 level=INFO msg=2
time=2024-07-16T12:06:06.086+05:00 level=INFO msg=3
time=2024-07-16T12:08:48.219+05:00 level=INFO msg="GetItinerariesById rpc method started"
time=2024-07-16T12:08:48.220+05:00 level=INFO msg=1
time=2024-07-16T12:08:48.220+05:00 level=INFO msg=2
time=2024-07-16T12:08:48.220+05:00 level=INFO msg=3
time=2024-07-16T12:25:06.353+05:00 level=INFO msg="GetItinerariesById rpc method started"
time=2024-07-16T12:25:06.353+05:00 level=INFO msg="Starting GetItinerariesById"
time=2024-07-16T12:25:06.353+05:00 level=INFO msg="Received request with StoryId: %s" !BADKEY=022955cd-8102-46e6-b723-79c4d4b090dd
time=2024-07-16T12:25:06.353+05:00 level=INFO msg="Executing itinerary query"
time=2024-07-16T12:25:06.382+05:00 level=INFO msg="Itinerary query executed successfully"
time=2024-07-16T12:25:06.382+05:00 level=INFO msg="Executing destinations query"
time=2024-07-16T12:25:06.400+05:00 level=ERROR msg="Error querying activities: " !BADKEY="pq: more than one row returned by a subquery used as an expression"
time=2024-07-16T12:25:06.400+05:00 level=ERROR msg="pq: more than one row returned by a subquery used as an expression"
time=2024-07-16T12:35:58.764+05:00 level=INFO msg="GetItinerariesById rpc method started"
time=2024-07-16T12:35:58.764+05:00 level=INFO msg="Starting GetItinerariesById"
time=2024-07-16T12:35:58.764+05:00 level=INFO msg="Executing itinerary query"
time=2024-07-16T12:35:58.770+05:00 level=INFO msg="Executing destinations query"
time=2024-07-16T12:35:58.778+05:00 level=INFO msg="Destinations and activities queried successfully"
time=2024-07-16T12:35:58.778+05:00 level=INFO msg="GetItinerariesById rpc method finished"
time=2024-07-16T12:43:25.851+05:00 level=INFO msg="GetItinerariesById rpc method started"
time=2024-07-16T12:43:25.852+05:00 level=INFO msg="Starting GetItinerariesById"
time=2024-07-16T12:43:25.852+05:00 level=INFO msg="Executing itinerary query"
time=2024-07-16T12:43:25.854+05:00 level=INFO msg="Executing destinations query"
time=2024-07-16T12:43:25.861+05:00 level=INFO msg="Destinations and activities queried successfully"
time=2024-07-16T12:43:25.861+05:00 level=INFO msg="GetItinerariesById rpc method finished"
time=2024-07-16T12:43:54.214+05:00 level=INFO msg="GetItinerariesById rpc method started"
time=2024-07-16T12:43:54.215+05:00 level=INFO msg="Starting GetItinerariesById"
time=2024-07-16T12:43:54.215+05:00 level=INFO msg="Executing itinerary query"
time=2024-07-16T12:43:54.230+05:00 level=INFO msg="Executing destinations query"
time=2024-07-16T12:43:54.242+05:00 level=INFO msg="Destinations and activities queried successfully"
time=2024-07-16T12:43:54.242+05:00 level=INFO msg="GetItinerariesById rpc method finished"
time=2024-07-16T12:46:42.218+05:00 level=INFO msg="UpdateItineraries rpc method started"
time=2024-07-16T12:46:42.227+05:00 level=INFO msg="UpdateItineraries rpc method finished"
time=2024-07-16T12:47:23.442+05:00 level=INFO msg="DeleteItineraries rpc method started"
time=2024-07-16T12:47:23.453+05:00 level=INFO msg="DeleteItineraries rpc method finished"
time=2024-07-16T12:47:47.353+05:00 level=INFO msg="GetItineraries rpc method started"
time=2024-07-16T12:47:47.356+05:00 level=INFO msg="GetItineraries rpc method finished"
time=2024-07-16T12:52:26.849+05:00 level=INFO msg="CommentItineraries rpc method started"
time=2024-07-16T12:52:26.863+05:00 level=INFO msg="CommentItineraries rpc method finished"
time=2024-07-16T12:57:38.950+05:00 level=INFO msg="CommentItineraries rpc method started"
time=2024-07-16T12:57:38.962+05:00 level=INFO msg="CommentItineraries rpc method finished"
time=2024-07-16T12:58:17.690+05:00 level=INFO msg="GetItinerariesById rpc method started"
time=2024-07-16T12:58:17.704+05:00 level=ERROR msg="sql: no rows in result set"
time=2024-07-16T12:58:38.404+05:00 level=INFO msg="GetItinerariesById rpc method started"
time=2024-07-16T12:58:38.434+05:00 level=INFO msg="GetItinerariesById rpc method finished"
time=2024-07-16T12:59:30.842+05:00 level=INFO msg="GetUserStat rpc method started"
time=2024-07-16T12:59:30.869+05:00 level=INFO msg="GetUserStat rpc method finished"
time=2024-07-16T13:15:44.815+05:00 level=INFO msg="Like rpc method started"
time=2024-07-16T13:15:44.838+05:00 level=INFO msg="Like rpc method finished"
time=2024-07-16T13:16:00.279+05:00 level=INFO msg="Like rpc method started"
time=2024-07-16T13:16:00.299+05:00 level=INFO msg="Like rpc method finished"
time=2024-07-16T13:16:11.321+05:00 level=INFO msg="GetUserStat rpc method started"
time=2024-07-16T13:16:11.367+05:00 level=INFO msg="GetUserStat rpc method finished"
time=2024-07-16T13:18:02.240+05:00 level=INFO msg="CommentStory rpc method started"
time=2024-07-16T13:18:02.245+05:00 level=INFO msg="CommentStory rpc method finished"
time=2024-07-16T13:18:08.275+05:00 level=INFO msg="GetUserStat rpc method started"
time=2024-07-16T13:18:08.279+05:00 level=INFO msg="GetUserStat rpc method finished"
time=2024-07-16T13:18:53.750+05:00 level=INFO msg="CommentStory rpc method started"
time=2024-07-16T13:18:53.754+05:00 level=INFO msg="CommentStory rpc method finished"
time=2024-07-16T13:19:03.117+05:00 level=INFO msg="GetUserStat rpc method started"
time=2024-07-16T13:19:03.132+05:00 level=INFO msg="GetUserStat rpc method finished"
time=2024-07-16T13:20:01.795+05:00 level=INFO msg="GetDestinations rpc method started"
time=2024-07-16T13:20:01.813+05:00 level=INFO msg="GetDestinations rpc method finished"
time=2024-07-16T13:20:13.342+05:00 level=INFO msg="GetDestinations rpc method started"
time=2024-07-16T13:20:13.343+05:00 level=INFO msg="GetDestinations rpc method finished"
time=2024-07-16T13:20:41.045+05:00 level=INFO msg="GetDestinations rpc method started"
time=2024-07-16T13:20:41.049+05:00 level=INFO msg="GetDestinations rpc method finished"
time=2024-07-16T13:21:20.092+05:00 level=INFO msg="GetDestinationsById rpc method started"
time=2024-07-16T13:21:20.097+05:00 level=ERROR msg="failed to fetch destination by ID: pq: invalid input syntax for type uuid: \"\""
time=2024-07-16T13:21:20.097+05:00 level=INFO msg="GetDestinationsById rpc method finished"
time=2024-07-16T13:22:25.154+05:00 level=INFO msg="GetDestinationsById rpc method started"
time=2024-07-16T13:22:25.157+05:00 level=INFO msg="GetDestinationsById rpc method finished"
time=2024-07-16T13:22:49.434+05:00 level=INFO msg="GetMessages rpc method started"
time=2024-07-16T13:22:49.449+05:00 level=ERROR msg="failed to fetch messages: pq: column s.user_id does not exist"
time=2024-07-16T13:27:39.076+05:00 level=INFO msg="GetMessages rpc method started"
time=2024-07-16T13:27:39.083+05:00 level=INFO msg="GetMessages rpc method finished"
time=2024-07-16T13:29:09.086+05:00 level=INFO msg="SendMessage rpc method started"
time=2024-07-16T13:29:09.103+05:00 level=INFO msg="SendMessage rpc method finished"
time=2024-07-16T13:29:31.076+05:00 level=INFO msg="GetMessages rpc method started"
time=2024-07-16T13:29:31.078+05:00 level=INFO msg="GetMessages rpc method finished"
time=2024-07-16T13:30:21.922+05:00 level=INFO msg="CreateTips rpc method started"
time=2024-07-16T13:30:21.940+05:00 level=INFO msg="CreateTips rpc method finished"
time=2024-07-16T13:30:35.208+05:00 level=INFO msg="GetTips rpc method started"
time=2024-07-16T13:30:35.211+05:00 level=ERROR msg="pq: column tt.deleted_at does not exist"
time=2024-07-16T13:32:05.532+05:00 level=INFO msg="GetTips rpc method started"
time=2024-07-16T13:32:05.538+05:00 level=ERROR msg="pq: could not determine data type of parameter $1"
time=2024-07-16T13:42:54.293+05:00 level=INFO msg="GetTips rpc method started"
time=2024-07-16T13:42:54.315+05:00 level=ERROR msg="pq: got 2 parameters but the statement requires 0"
time=2024-07-16T13:44:59.681+05:00 level=INFO msg="GetTips rpc method started"
time=2024-07-16T13:44:59.713+05:00 level=INFO msg="GetTips rpc method finished"
time=2024-07-16T13:45:13.024+05:00 level=INFO msg="GetTips rpc method started"
time=2024-07-16T13:45:13.056+05:00 level=INFO msg="GetTips rpc method finished"
time=2024-07-16T13:45:18.924+05:00 level=INFO msg="GetTips rpc method started"
time=2024-07-16T13:45:18.926+05:00 level=INFO msg="GetTips rpc method finished"
